0 info it worked if it ends with ok
1 verbose cli [ 'C:\\Program Files\\nodejs\\node.exe',
1 verbose cli   'C:\\Program Files\\nodejs\\node_modules\\npm\\bin\\npm-cli.js',
1 verbose cli   'run',
1 verbose cli   'start-server' ]
2 info using npm@3.10.10
3 info using node@v6.17.0
4 verbose run-script [ 'prestart-server', 'start-server', 'poststart-server' ]
5 info lifecycle backend@1.0.0~prestart-server: backend@1.0.0
6 silly lifecycle backend@1.0.0~prestart-server: no script for prestart-server, continuing
7 info lifecycle backend@1.0.0~start-server: backend@1.0.0
8 verbose lifecycle backend@1.0.0~start-server: unsafe-perm in lifecycle true
9 verbose lifecycle backend@1.0.0~start-server: PATH: C:\Users\asus\AppData\Roaming\nvm\v6.17.0\node_modules\npm\bin\node-gyp-bin;D:\Workspace\Posist\backend\node_modules\.bin;C:\Program Files\Common Files\Oracle\Java\javapath;C:\Windows\system32;C:\Windows;C:\Windows\System32\Wbem;C:\Windows\System32\WindowsPowerShell\v1.0\;C:\Windows\System32\OpenSSH\;C:\Program Files (x86)\NVIDIA Corporation\PhysX\Common;C:\Program Files\Git\cmd;C:\Users\asus\AppData\Roaming\nvm;C:\Program Files\nodejs;C:\Users\asus\AppData\Local\Programs\Python\Python311\Scripts\;C:\Users\asus\AppData\Local\Programs\Python\Python311\;C:\Users\asus\AppData\Local\Microsoft\WindowsApps;D:\Microsoft VS Code\bin;C:\Program Files\heroku\bin;D:\flutter\bin;C:\MinGW\bin;C:\Users\asus\AppData\Local\Programs\mongosh\;C:\Program Files (x86)\MongoDB Atlas CLI\;C:\Users\asus\AppData\Roaming\npm;C:\Users\asus\AppData\Roaming\nvm;C:\Program Files\nodejs;C:\Program Files\MongoDB\Server\3.2\bin;
10 verbose lifecycle backend@1.0.0~start-server: CWD: D:\Workspace\Posist\backend
11 silly lifecycle backend@1.0.0~start-server: Args: [ '/d /s /c', 'nodemon index.js' ]
12 silly lifecycle backend@1.0.0~start-server: Returned: code: 1  signal: null
13 info lifecycle backend@1.0.0~start-server: Failed to exec start-server script
14 verbose stack Error: backend@1.0.0 start-server: `nodemon index.js`
14 verbose stack Exit status 1
14 verbose stack     at EventEmitter.<anonymous> (C:\Users\asus\AppData\Roaming\nvm\v6.17.0\node_modules\npm\lib\utils\lifecycle.js:255:16)
14 verbose stack     at emitTwo (events.js:106:13)
14 verbose stack     at EventEmitter.emit (events.js:191:7)
14 verbose stack     at ChildProcess.<anonymous> (C:\Users\asus\AppData\Roaming\nvm\v6.17.0\node_modules\npm\lib\utils\spawn.js:40:14)
14 verbose stack     at emitTwo (events.js:106:13)
14 verbose stack     at ChildProcess.emit (events.js:191:7)
14 verbose stack     at maybeClose (internal/child_process.js:920:16)
14 verbose stack     at Process.ChildProcess._handle.onexit (internal/child_process.js:230:5)
15 verbose pkgid backend@1.0.0
16 verbose cwd D:\Workspace\Posist\backend
17 error Windows_NT 10.0.19044
18 error argv "C:\\Program Files\\nodejs\\node.exe" "C:\\Program Files\\nodejs\\node_modules\\npm\\bin\\npm-cli.js" "run" "start-server"
19 error node v6.17.0
20 error npm  v3.10.10
21 error code ELIFECYCLE
22 error backend@1.0.0 start-server: `nodemon index.js`
22 error Exit status 1
23 error Failed at the backend@1.0.0 start-server script 'nodemon index.js'.
23 error Make sure you have the latest version of node.js and npm installed.
23 error If you do, this is most likely a problem with the backend package,
23 error not with npm itself.
23 error Tell the author that this fails on your system:
23 error     nodemon index.js
23 error You can get information on how to open an issue for this project with:
23 error     npm bugs backend
23 error Or if that isn't available, you can get their info via:
23 error     npm owner ls backend
23 error There is likely additional logging output above.
24 verbose exit [ 1, true ]
